<?xml version="1.0" encoding="UTF-8"?>
<testng-results skipped="0" failed="0" ignored="0" total="2" passed="2">
  <reporter-output>
  </reporter-output>
  <suite name="RegessionSuite" duration-ms="16945" started-at="2019-09-11T16:13:10Z" finished-at="2019-09-11T16:13:27Z">
    <groups>
    </groups>
    <test name="uTest" duration-ms="16945" started-at="2019-09-11T16:13:10Z" finished-at="2019-09-11T16:13:27Z">
      <class name="com.automation.tests.PagePersonalTest">
        <test-method status="PASS" signature="beforeSuite()[pri:0, instance:com.automation.tests.PagePersonalTest@76b0ae1b]" name="beforeSuite" is-config="true" duration-ms="1494" started-at="2019-09-11T23:13:08Z" finished-at="2019-09-11T23:13:10Z">
          <reporter-output>
          </reporter-output>
        </test-method> <!-- beforeSuite -->
        <test-method status="PASS" signature="beforeMethod()[pri:0, instance:com.automation.tests.PagePersonalTest@76b0ae1b]" name="beforeMethod" is-config="true" duration-ms="8076" started-at="2019-09-11T23:13:10Z" finished-at="2019-09-11T23:13:18Z">
          <reporter-output>
          </reporter-output>
        </test-method> <!-- beforeMethod -->
        <test-method status="PASS" signature="inputInvalidEmailFormat()[pri:0, instance:com.automation.tests.PagePersonalTest@76b0ae1b]" name="inputInvalidEmailFormat" duration-ms="1290" started-at="2019-09-11T23:13:18Z" finished-at="2019-09-11T23:13:19Z">
          <reporter-output>
          </reporter-output>
        </test-method> <!-- inputInvalidEmailFormat -->
        <test-method status="PASS" signature="beforeMethod()[pri:0, instance:com.automation.tests.PagePersonalTest@76b0ae1b]" name="beforeMethod" is-config="true" duration-ms="3666" started-at="2019-09-11T23:13:19Z" finished-at="2019-09-11T23:13:23Z">
          <reporter-output>
          </reporter-output>
        </test-method> <!-- beforeMethod -->
        <test-method status="PASS" signature="inputValidData(java.lang.String, java.lang.String, java.lang.String, java.lang.String, java.lang.String, java.lang.String, java.lang.String)[pri:0, instance:com.automation.tests.PagePersonalTest@76b0ae1b]" name="inputValidData" duration-ms="3782" started-at="2019-09-11T23:13:23Z" data-provider="testData" finished-at="2019-09-11T23:13:27Z">
          <params>
            <param index="0">
              <value>
                <![CDATA[Not]]>
              </value>
            </param>
            <param index="1">
              <value>
                <![CDATA[Ninety Minute]]>
              </value>
            </param>
            <param index="2">
              <value>
                <![CDATA[not90@restmail.net]]>
              </value>
            </param>
            <param index="3">
              <value>
                <![CDATA[30]]>
              </value>
            </param>
            <param index="4">
              <value>
                <![CDATA[January]]>
              </value>
            </param>
            <param index="5">
              <value>
                <![CDATA[1987]]>
              </value>
            </param>
            <param index="6">
              <value>
                <![CDATA[Male]]>
              </value>
            </param>
          </params>
          <reporter-output>
          </reporter-output>
        </test-method> <!-- inputValidData -->
        <test-method status="PASS" signature="cleanup()[pri:0, instance:com.automation.tests.PagePersonalTest@76b0ae1b]" name="cleanup" is-config="true" duration-ms="82" started-at="2019-09-11T23:13:27Z" finished-at="2019-09-11T23:13:27Z">
          <reporter-output>
          </reporter-output>
        </test-method> <!-- cleanup -->
      </class> <!-- com.automation.tests.PagePersonalTest -->
    </test> <!-- uTest -->
  </suite> <!-- RegessionSuite -->
</testng-results>
