<?xml version="1.0" encoding="UTF-8"?>
<testng-results skipped="0" failed="0" ignored="0" total="1" passed="1">
  <reporter-output>
  </reporter-output>
  <suite name="RegessionSuite" duration-ms="1403" started-at="2019-09-11T15:30:34Z" finished-at="2019-09-11T15:30:35Z">
    <groups>
    </groups>
    <test name="uTest" duration-ms="1403" started-at="2019-09-11T15:30:34Z" finished-at="2019-09-11T15:30:35Z">
      <class name="com.automation.tests.PagePersonalTest">
        <test-method status="PASS" signature="beforeSuite()[pri:0, instance:com.automation.tests.PagePersonalTest@5a021cb9]" name="beforeSuite" is-config="true" duration-ms="10019" started-at="2019-09-11T22:30:24Z" finished-at="2019-09-11T22:30:34Z">
          <reporter-output>
          </reporter-output>
        </test-method> <!-- beforeSuite -->
        <test-method status="PASS" signature="test(java.lang.String, java.lang.String, java.lang.String, java.lang.String, java.lang.String, java.lang.String, java.lang.String)[pri:0, instance:com.automation.tests.PagePersonalTest@5a021cb9]" name="test" duration-ms="1294" started-at="2019-09-11T22:30:34Z" data-provider="testData" finished-at="2019-09-11T22:30:35Z">
          <params>
            <param index="0">
              <value>
                <![CDATA[Not]]>
              </value>
            </param>
            <param index="1">
              <value>
                <![CDATA[Ninety Minute]]>
              </value>
            </param>
            <param index="2">
              <value>
                <![CDATA[not90@restmail.net]]>
              </value>
            </param>
            <param index="3">
              <value>
                <![CDATA[30]]>
              </value>
            </param>
            <param index="4">
              <value>
                <![CDATA[January]]>
              </value>
            </param>
            <param index="5">
              <value>
                <![CDATA[1987]]>
              </value>
            </param>
            <param index="6">
              <value>
                <![CDATA[Male]]>
              </value>
            </param>
          </params>
          <reporter-output>
          </reporter-output>
        </test-method> <!-- test -->
        <test-method status="PASS" signature="cleanup()[pri:0, instance:com.automation.tests.PagePersonalTest@5a021cb9]" name="cleanup" is-config="true" duration-ms="79" started-at="2019-09-11T22:30:35Z" finished-at="2019-09-11T22:30:35Z">
          <reporter-output>
          </reporter-output>
        </test-method> <!-- cleanup -->
      </class> <!-- com.automation.tests.PagePersonalTest -->
    </test> <!-- uTest -->
  </suite> <!-- RegessionSuite -->
</testng-results>
